Creating new project temp from dictionary words-syl.txt
Project file temp
	created: 2016-03-27 17:25:59.813154
	last modified: 2016-03-27 17:25:59.813407
	margins: 1,1
	dictionary size: 17525
	total hyphens: (weighted) 40458
	total missed : (weighted) 40458 100.00%
	total false  : (weighted) 0 0.00%
	number of pattern levels: 0

Loading patterns from temp.tex into project temp
Missed (weighted): 12 (0.030%)
False (weighted): 2 (0.005%)
...Committed

Compacting hyphenation patterns for temp
Result:
	Level 1:   8333 =>   8333
	Level 2:   2358 =>   2358
	Level 3:      0 =>      0
	Level 4:      0 =>      0
	Level 5:      0 =>      0
	Level 6:      0 =>      0
	Level 7:    147 =>    147
	Level 8:     77 =>     77
...Committed

Testing temp on dictionary words-syl.txt
Performance of temp on words-syl.txt
Missed (weighted): 12 (0.030%)
False (weighted): 2 (0.005%)
Saved errors to err_patterns.txt

Creating new project temp from dictionary words-hyph.txt
Project file temp
	created: 2016-03-27 17:26:45.427683
	last modified: 2016-03-27 17:26:45.427943
	margins: 1,2
	dictionary size: 17525
	total hyphens: (weighted) 35583
	total missed : (weighted) 35583 100.00%
	total false  : (weighted) 0 0.00%
	number of pattern levels: 0

Loading patterns from temp.tex into project temp
Missed (weighted): 12 (0.034%)
False (weighted): 2 (0.006%)
...Committed

Compacting hyphenation patterns for temp
Result:
	Level 1:   8331 =>   8330
	Level 2:   2330 =>   2330
	Level 3:      0 =>      0
	Level 4:      0 =>      0
	Level 5:      0 =>      0
	Level 6:      0 =>      0
	Level 7:    147 =>    147
	Level 8:   4349 =>   4347
...Committed

Testing temp on dictionary words-hyph.txt
Performance of temp on words-hyph.txt
Missed (weighted): 12 (0.034%)
False (weighted): 2 (0.006%)
Saved errors to err_hyph_patterns.txt

Exporting patterns from temp and saving them in TeX format to cu-hyp.tex
Created TeX patterns file cu-hyp.tex
Number of patterns: 13037
Number of exceptions: 14

