   17504   18921  380447 ../cu-tex/data/words.txt
    5835    6334  127946 w3aa
    5835    6168  128083 w3ab
    5834    6419  124418 w3ac
       2       3      51 w3ad
   17506   18924  380498 total
   11670   12502  256029 w3a-ab
   11669   12753  252364 w3a-ac
   11669   12587  252501 w3a-bc
   35008   37842  760894 total
Creating new project cv3-bc from dictionary w3a-bc
Project file cv3-bc
	created: 2016-03-11 10:13:01.644000
	last modified: 2016-03-11 10:13:01.644297
	margins: 1,1
	dictionary size: 11669
	total hyphens: (weighted) 26982
	total missed : (weighted) 26982 100.00%
	total false  : (weighted) 0 0.00%
	number of pattern levels: 0

Creating new project cv3-bcX from dictionary w3a-bc
Project file cv3-bcX
	created: 2016-03-11 10:13:02.131533
	last modified: 2016-03-11 10:13:02.131810
	margins: 1,1
	dictionary size: 11669
	total hyphens: (weighted) 26982
	total missed : (weighted) 26982 100.00%
	total false  : (weighted) 0 0.00%
	number of pattern levels: 0

Creating new project cv3-ac from dictionary w3a-ac
Project file cv3-ac
	created: 2016-03-11 10:13:02.636526
	last modified: 2016-03-11 10:13:02.636795
	margins: 1,1
	dictionary size: 11669
	total hyphens: (weighted) 26211
	total missed : (weighted) 26211 100.00%
	total false  : (weighted) 0 0.00%
	number of pattern levels: 0

Creating new project cv3-acX from dictionary w3a-ac
Project file cv3-acX
	created: 2016-03-11 10:13:03.172026
	last modified: 2016-03-11 10:13:03.172334
	margins: 1,1
	dictionary size: 11669
	total hyphens: (weighted) 26211
	total missed : (weighted) 26211 100.00%
	total false  : (weighted) 0 0.00%
	number of pattern levels: 0

Creating new project cv3-ab from dictionary w3a-ab
Project file cv3-ab
	created: 2016-03-11 10:13:03.690890
	last modified: 2016-03-11 10:13:03.691157
	margins: 1,1
	dictionary size: 11670
	total hyphens: (weighted) 27615
	total missed : (weighted) 27615 100.00%
	total false  : (weighted) 0 0.00%
	number of pattern levels: 0

Creating new project cv3-abX from dictionary w3a-ab
Project file cv3-abX
	created: 2016-03-11 10:13:04.201161
	last modified: 2016-03-11 10:13:04.201425
	margins: 1,1
	dictionary size: 11670
	total hyphens: (weighted) 27615
	total missed : (weighted) 27615 100.00%
	total false  : (weighted) 0 0.00%
	number of pattern levels: 0

Batch-training of project cv3-bc using specs from specs.py
Training project cv3-bc using range 2-4 and selector 1:20:1
Training HYPHENATION pattern layer (level=1)
	pattern lengths: 2-4
	selector: 1:20:1
Selected 5133 patterns of length 3
Selected 576 patterns of length 2
Selected 14967 patterns of length 4
Missed (weighted): 62 0.23%
False (weighted): 472 1.75%
...Committed!

Training project cv3-bc using range 2-3 and selector 1:10:1
Training INHIBINTING pattern layer (level=2)
	pattern lengths: 2-3
	selector: 1:10:1
Selected 418 patterns of length 3
Selected 127 patterns of length 2
Missed (weighted): 62 0.23%
False (weighted): 64 0.24%
...Committed!

Batch-training of project cv3-bcX using specs from specsX.py
Training project cv3-bcX using range 2-4 and selector 1:1:1
Training HYPHENATION pattern layer (level=1)
	pattern lengths: 2-4
	selector: 1:1:1
Selected 5909 patterns of length 3
Selected 914 patterns of length 2
Selected 15637 patterns of length 4
Missed (weighted): 4 0.01%
False (weighted): 14789 54.81%
...Committed!

Training project cv3-bcX using range 1-3 and selector 1:20:1
Training INHIBINTING pattern layer (level=2)
	pattern lengths: 1-3
	selector: 1:20:1
Selected 689 patterns of length 2
Selected 23 patterns of length 1
Selected 3890 patterns of length 3
Missed (weighted): 74 0.27%
False (weighted): 372 1.38%
...Committed!

Batch-training of project cv3-ac using specs from specs.py
Training project cv3-ac using range 2-4 and selector 1:20:1
Training HYPHENATION pattern layer (level=1)
	pattern lengths: 2-4
	selector: 1:20:1
Selected 5056 patterns of length 3
Selected 565 patterns of length 2
Selected 14520 patterns of length 4
Missed (weighted): 51 0.19%
False (weighted): 509 1.94%
...Committed!

Training project cv3-ac using range 2-3 and selector 1:10:1
Training INHIBINTING pattern layer (level=2)
	pattern lengths: 2-3
	selector: 1:10:1
Selected 398 patterns of length 3
Selected 136 patterns of length 2
Missed (weighted): 51 0.19%
False (weighted): 74 0.28%
...Committed!

Batch-training of project cv3-acX using specs from specsX.py
Training project cv3-acX using range 2-4 and selector 1:1:1
Training HYPHENATION pattern layer (level=1)
	pattern lengths: 2-4
	selector: 1:1:1
Selected 5791 patterns of length 3
Selected 895 patterns of length 2
Selected 15218 patterns of length 4
Missed (weighted): 7 0.03%
False (weighted): 15833 60.41%
...Committed!

Training project cv3-acX using range 1-3 and selector 1:20:1
Training INHIBINTING pattern layer (level=2)
	pattern lengths: 1-3
	selector: 1:20:1
Selected 721 patterns of length 2
Selected 27 patterns of length 1
Selected 3977 patterns of length 3
Missed (weighted): 73 0.28%
False (weighted): 307 1.17%
...Committed!

Batch-training of project cv3-ab using specs from specs.py
Training project cv3-ab using range 2-4 and selector 1:20:1
Training HYPHENATION pattern layer (level=1)
	pattern lengths: 2-4
	selector: 1:20:1
Selected 5253 patterns of length 3
Selected 599 patterns of length 2
Selected 15232 patterns of length 4
Missed (weighted): 100 0.36%
False (weighted): 540 1.96%
...Committed!

Training project cv3-ab using range 2-3 and selector 1:10:1
Training INHIBINTING pattern layer (level=2)
	pattern lengths: 2-3
	selector: 1:10:1
Selected 474 patterns of length 3
Selected 142 patterns of length 2
Missed (weighted): 101 0.37%
False (weighted): 54 0.20%
...Committed!

Batch-training of project cv3-abX using specs from specsX.py
Training project cv3-abX using range 2-4 and selector 1:1:1
Training HYPHENATION pattern layer (level=1)
	pattern lengths: 2-4
	selector: 1:1:1
Selected 6022 patterns of length 3
Selected 939 patterns of length 2
Selected 15878 patterns of length 4
Missed (weighted): 2 0.01%
False (weighted): 15797 57.20%
...Committed!

Training project cv3-abX using range 1-3 and selector 1:20:1
Training INHIBINTING pattern layer (level=2)
	pattern lengths: 1-3
	selector: 1:20:1
Selected 717 patterns of length 2
Selected 23 patterns of length 1
Selected 4167 patterns of length 3
Missed (weighted): 64 0.23%
False (weighted): 351 1.27%
...Committed!

Swapping inhibiting layers between cv3-bc and cv3-bcX
Performance of cv3-bc
Missed (weighted): 120 (0.445%)
False (weighted): 62 (0.230%)
Performance of cv3-bcX
Missed (weighted): 10 (0.037%)
False (weighted): 7335 (27.185%)
...Committed

Swapping inhibiting layers between cv3-ac and cv3-acX
Performance of cv3-ac
Missed (weighted): 107 (0.408%)
False (weighted): 67 (0.256%)
Performance of cv3-acX
Missed (weighted): 12 (0.046%)
False (weighted): 7252 (27.668%)
...Committed

Swapping inhibiting layers between cv3-ab and cv3-abX
Performance of cv3-ab
Missed (weighted): 151 (0.547%)
False (weighted): 53 (0.192%)
Performance of cv3-abX
Missed (weighted): 4 (0.014%)
False (weighted): 7220 (26.145%)
...Committed

Compacting hyphenation patterns for cv3-bc
Result:
	Level 1:  28341 =>   6627
	Level 2:   5759 =>   1872
...Committed

Compacting hyphenation patterns for cv3-ac
Result:
	Level 1:  27288 =>   6311
	Level 2:   5969 =>   1904
...Committed

Compacting hyphenation patterns for cv3-ab
Result:
	Level 1:  29093 =>   6664
	Level 2:   6143 =>   1956
...Committed

Testing cv3-bc on dictionary w3aa
Performance of cv3-bc on w3aa
Missed (weighted): 905 (6.743%)
False (weighted): 478 (3.561%)

Testing cv3-ac on dictionary w3ab
Performance of cv3-ac on w3ab
Missed (weighted): 1367 (9.632%)
False (weighted): 528 (3.720%)

Testing cv3-ab on dictionary w3ac
Performance of cv3-ab on w3ac
Missed (weighted): 915 (7.155%)
False (weighted): 294 (2.299%)

