   17511   18929  380586 ../data/words.txt
    4378    4771   96297 w4aa
    4378    4649   93087 w4ab
    4378    4635  100000 w4ac
    4377    4874   91202 w4ad
   17511   18929  380586 total
   13134   14055  289384 w4a-abc
   13133   14294  280586 w4a-abd
   13133   14280  287499 w4a-acd
   13133   14158  284289 w4a-bcd
   52533   56787 1141758 total
Creating new project cv4-bcd from dictionary w4a-bcd
Project file cv4-bcd
	created: 2016-03-20 21:06:13.284255
	last modified: 2016-03-20 21:06:13.284518
	margins: 1,1
	dictionary size: 13133
	total hyphens: (weighted) 30455
	total missed : (weighted) 30455 100.00%
	total false  : (weighted) 0 0.00%
	number of pattern levels: 0

Creating new project cv4-bcdX from dictionary w4a-bcd
Project file cv4-bcdX
	created: 2016-03-20 21:06:13.836735
	last modified: 2016-03-20 21:06:13.836970
	margins: 1,1
	dictionary size: 13133
	total hyphens: (weighted) 30455
	total missed : (weighted) 30455 100.00%
	total false  : (weighted) 0 0.00%
	number of pattern levels: 0

Creating new project cv4-acd from dictionary w4a-acd
Project file cv4-acd
	created: 2016-03-20 21:06:14.435994
	last modified: 2016-03-20 21:06:14.436230
	margins: 1,1
	dictionary size: 13133
	total hyphens: (weighted) 30290
	total missed : (weighted) 30290 100.00%
	total false  : (weighted) 0 0.00%
	number of pattern levels: 0

Creating new project cv4-acdX from dictionary w4a-acd
Project file cv4-acdX
	created: 2016-03-20 21:06:15.000729
	last modified: 2016-03-20 21:06:15.000988
	margins: 1,1
	dictionary size: 13133
	total hyphens: (weighted) 30290
	total missed : (weighted) 30290 100.00%
	total false  : (weighted) 0 0.00%
	number of pattern levels: 0

Creating new project cv4-abd from dictionary w4a-abd
Project file cv4-abd
	created: 2016-03-20 21:06:15.567353
	last modified: 2016-03-20 21:06:15.567574
	margins: 1,1
	dictionary size: 13133
	total hyphens: (weighted) 29300
	total missed : (weighted) 29300 100.00%
	total false  : (weighted) 0 0.00%
	number of pattern levels: 0

Creating new project cv4-abdX from dictionary w4a-abd
Project file cv4-abdX
	created: 2016-03-20 21:06:16.126395
	last modified: 2016-03-20 21:06:16.126608
	margins: 1,1
	dictionary size: 13133
	total hyphens: (weighted) 29300
	total missed : (weighted) 29300 100.00%
	total false  : (weighted) 0 0.00%
	number of pattern levels: 0

Creating new project cv4-abc from dictionary w4a-abc
Project file cv4-abc
	created: 2016-03-20 21:06:16.696134
	last modified: 2016-03-20 21:06:16.696439
	margins: 1,1
	dictionary size: 13134
	total hyphens: (weighted) 31212
	total missed : (weighted) 31212 100.00%
	total false  : (weighted) 0 0.00%
	number of pattern levels: 0

Creating new project cv4-abcX from dictionary w4a-abc
Project file cv4-abcX
	created: 2016-03-20 21:06:17.314508
	last modified: 2016-03-20 21:06:17.314745
	margins: 1,1
	dictionary size: 13134
	total hyphens: (weighted) 31212
	total missed : (weighted) 31212 100.00%
	total false  : (weighted) 0 0.00%
	number of pattern levels: 0

Batch-training of project cv4-bcd using specs from specs.py
Training project cv4-bcd using range 2-4 and selector 1:20:1
Training HYPHENATION pattern layer (level=1)
	pattern lengths: 2-4
	selector: 1:20:1
Selected 5529 patterns of length 3
Selected 597 patterns of length 2
Selected 16309 patterns of length 4
Missed (weighted): 52 0.17%
False (weighted): 517 1.70%
...Committed!

Training project cv4-bcd using range 2-3 and selector 1:10:1
Training INHIBINTING pattern layer (level=2)
	pattern lengths: 2-3
	selector: 1:10:1
Selected 464 patterns of length 3
Selected 136 patterns of length 2
Missed (weighted): 52 0.17%
False (weighted): 60 0.20%
...Committed!

Batch-training of project cv4-bcdX using specs from specsX.py
Training project cv4-bcdX using range 2-4 and selector 1:1:1
Training HYPHENATION pattern layer (level=1)
	pattern lengths: 2-4
	selector: 1:1:1
Selected 6363 patterns of length 3
Selected 959 patterns of length 2
Selected 17034 patterns of length 4
Missed (weighted): 3 0.01%
False (weighted): 18970 62.29%
...Committed!

Training project cv4-bcdX using range 1-3 and selector 1:20:1
Training INHIBINTING pattern layer (level=2)
	pattern lengths: 1-3
	selector: 1:20:1
Selected 743 patterns of length 2
Selected 27 patterns of length 1
Selected 4436 patterns of length 3
Missed (weighted): 100 0.33%
False (weighted): 394 1.29%
...Committed!

Batch-training of project cv4-acd using specs from specs.py
Training project cv4-acd using range 2-4 and selector 1:20:1
Training HYPHENATION pattern layer (level=1)
	pattern lengths: 2-4
	selector: 1:20:1
Selected 5273 patterns of length 3
Selected 603 patterns of length 2
Selected 15495 patterns of length 4
Missed (weighted): 41 0.14%
False (weighted): 631 2.08%
...Committed!

Training project cv4-acd using range 2-3 and selector 1:10:1
Training INHIBINTING pattern layer (level=2)
	pattern lengths: 2-3
	selector: 1:10:1
Selected 498 patterns of length 3
Selected 159 patterns of length 2
Missed (weighted): 42 0.14%
False (weighted): 91 0.30%
...Committed!

Batch-training of project cv4-acdX using specs from specsX.py
Training project cv4-acdX using range 2-4 and selector 1:1:1
Training HYPHENATION pattern layer (level=1)
	pattern lengths: 2-4
	selector: 1:1:1
Selected 6049 patterns of length 3
Selected 937 patterns of length 2
Selected 16216 patterns of length 4
Missed (weighted): 2 0.01%
False (weighted): 18645 61.55%
...Committed!

Training project cv4-acdX using range 1-3 and selector 1:20:1
Training INHIBINTING pattern layer (level=2)
	pattern lengths: 1-3
	selector: 1:20:1
Selected 732 patterns of length 2
Selected 26 patterns of length 1
Selected 4211 patterns of length 3
Missed (weighted): 88 0.29%
False (weighted): 401 1.32%
...Committed!

Batch-training of project cv4-abd using specs from specs.py
Training project cv4-abd using range 2-4 and selector 1:20:1
Training HYPHENATION pattern layer (level=1)
	pattern lengths: 2-4
	selector: 1:20:1
Selected 5521 patterns of length 3
Selected 569 patterns of length 2
Selected 16298 patterns of length 4
Missed (weighted): 63 0.22%
False (weighted): 535 1.83%
...Committed!

Training project cv4-abd using range 2-3 and selector 1:10:1
Training INHIBINTING pattern layer (level=2)
	pattern lengths: 2-3
	selector: 1:10:1
Selected 492 patterns of length 3
Selected 155 patterns of length 2
Missed (weighted): 63 0.22%
False (weighted): 35 0.12%
...Committed!

Batch-training of project cv4-abdX using specs from specsX.py
Training project cv4-abdX using range 2-4 and selector 1:1:1
Training HYPHENATION pattern layer (level=1)
	pattern lengths: 2-4
	selector: 1:1:1
Selected 6329 patterns of length 3
Selected 927 patterns of length 2
Selected 17078 patterns of length 4
Missed (weighted): 1 0.00%
False (weighted): 18754 64.01%
...Committed!

Training project cv4-abdX using range 1-3 and selector 1:20:1
Training INHIBINTING pattern layer (level=2)
	pattern lengths: 1-3
	selector: 1:20:1
Selected 753 patterns of length 2
Selected 26 patterns of length 1
Selected 4515 patterns of length 3
Missed (weighted): 86 0.29%
False (weighted): 250 0.85%
...Committed!

Batch-training of project cv4-abc using specs from specs.py
Training project cv4-abc using range 2-4 and selector 1:20:1
Training HYPHENATION pattern layer (level=1)
	pattern lengths: 2-4
	selector: 1:20:1
Selected 5478 patterns of length 3
Selected 603 patterns of length 2
Selected 16210 patterns of length 4
Missed (weighted): 51 0.16%
False (weighted): 617 1.98%
...Committed!

Training project cv4-abc using range 2-3 and selector 1:10:1
Training INHIBINTING pattern layer (level=2)
	pattern lengths: 2-3
	selector: 1:10:1
Selected 542 patterns of length 3
Selected 157 patterns of length 2
Missed (weighted): 52 0.17%
False (weighted): 53 0.17%
...Committed!

Batch-training of project cv4-abcX using specs from specsX.py
Training project cv4-abcX using range 2-4 and selector 1:1:1
Training HYPHENATION pattern layer (level=1)
	pattern lengths: 2-4
	selector: 1:1:1
Selected 6273 patterns of length 3
Selected 958 patterns of length 2
Selected 16912 patterns of length 4
Missed (weighted): 1 0.00%
False (weighted): 19385 62.11%
...Committed!

Training project cv4-abcX using range 1-3 and selector 1:20:1
Training INHIBINTING pattern layer (level=2)
	pattern lengths: 1-3
	selector: 1:20:1
Selected 761 patterns of length 2
Selected 26 patterns of length 1
Selected 4520 patterns of length 3
Missed (weighted): 101 0.32%
False (weighted): 415 1.33%
...Committed!

Swapping inhibiting layers between cv4-bcd and cv4-bcdX
Performance of cv4-bcd
Missed (weighted): 129 (0.424%)
False (weighted): 59 (0.194%)
Performance of cv4-bcdX
Missed (weighted): 9 (0.030%)
False (weighted): 8812 (28.934%)
...Committed

Swapping inhibiting layers between cv4-acd and cv4-acdX
Performance of cv4-acd
Missed (weighted): 116 (0.383%)
False (weighted): 89 (0.294%)
Performance of cv4-acdX
Missed (weighted): 3 (0.010%)
False (weighted): 7928 (26.174%)
...Committed

Swapping inhibiting layers between cv4-abd and cv4-abdX
Performance of cv4-abd
Missed (weighted): 130 (0.444%)
False (weighted): 35 (0.119%)
Performance of cv4-abdX
Missed (weighted): 5 (0.017%)
False (weighted): 8183 (27.928%)
...Committed

Swapping inhibiting layers between cv4-abc and cv4-abcX
Performance of cv4-abc
Missed (weighted): 141 (0.452%)
False (weighted): 51 (0.163%)
Performance of cv4-abcX
Missed (weighted): 5 (0.016%)
False (weighted): 8778 (28.124%)
...Committed

Compacting hyphenation patterns for cv4-bcd
Result:
	Level 1:  30804 =>   7159
	Level 2:   6649 =>   2104
...Committed

Compacting hyphenation patterns for cv4-acd
Result:
	Level 1:  29034 =>   6567
	Level 2:   6338 =>   1975
...Committed

Compacting hyphenation patterns for cv4-abd
Result:
	Level 1:  30578 =>   7213
	Level 2:   6694 =>   2024
...Committed

Compacting hyphenation patterns for cv4-abc
Result:
	Level 1:  30739 =>   7076
	Level 2:   6801 =>   2161
...Committed

Testing cv4-bcd on dictionary w4aa
Performance of cv4-bcd on w4aa
Missed (weighted): 574 (5.761%)
False (weighted): 373 (3.743%)
Saved errors to err4-a

Testing cv4-acd on dictionary w4ab
Performance of cv4-acd on w4ab
Missed (weighted): 1107 (10.929%)
False (weighted): 327 (3.228%)
Saved errors to err4-b

Testing cv4-abd on dictionary w4ac
Performance of cv4-abd on w4ac
Missed (weighted): 900 (8.094%)
False (weighted): 317 (2.851%)
Saved errors to err4-c

Testing cv4-abc on dictionary w4ad
Performance of cv4-abc on w4ad
Missed (weighted): 610 (6.625%)
False (weighted): 180 (1.955%)
Saved errors to err4-d

