Creating new project temp from dictionary words-hyph-expanded.txt
Project file temp
	created: 2016-03-27 17:28:57.316535
	last modified: 2016-03-27 17:28:57.316766
	margins: 1,2
	dictionary size: 23847
	total hyphens: (weighted) 49918
	total missed : (weighted) 49918 100.00%
	total false  : (weighted) 0 0.00%
	number of pattern levels: 0

Loading patterns from cu-hyp-expanded.tex into project temp
Missed (weighted): 39 (0.078%)
False (weighted): 3 (0.006%)
...Committed

Compacting hyphenation patterns for temp
Result:
	Level 1:   9349 =>   9185
	Level 2:   2536 =>   2491
	Level 3:      0 =>      0
	Level 4:      0 =>      0
	Level 5:      0 =>      0
	Level 6:      0 =>      0
	Level 7:    162 =>    162
	Level 8:   4853 =>   4846
...Committed

Testing temp on dictionary words-hyph.txt
Performance of temp on words-hyph.txt
Missed (weighted): 12 (0.034%)
False (weighted): 2 (0.006%)

Testing temp on dictionary words-hyph-expanded.txt
Performance of temp on words-hyph-expanded.txt
Missed (weighted): 39 (0.078%)
False (weighted): 3 (0.006%)
Saved errors to err_expanded.txt

Exporting patterns from temp and saving them in TeX format to cu-hyp-expanded2.tex
Created TeX patterns file cu-hyp-expanded2.tex
Number of patterns: 14387
Number of exceptions: 42

